#
# There is insufficient memory for the Java Runtime Environment to continue.
# Native memory allocation (malloc) failed to allocate 1140176 bytes for Chunk::new
# Possible reasons:
#   The system is out of physical RAM or swap space
#   In 32 bit mode, the process size limit was hit
# Possible solutions:
#   Reduce memory load on the system
#   Increase physical memory or swap space
#   Check if swap backing store is full
#   Use 64 bit Java on a 64 bit OS
#   Decrease Java heap size (-Xmx/-Xms)
#   Decrease number of Java threads
#   Decrease Java thread stack sizes (-Xss)
#   Set larger code cache with -XX:ReservedCodeCacheSize=
# This output file may be truncated or incomplete.
#
#  Out of Memory Error (allocation.cpp:390), pid=10160, tid=0x0000000000003834
#
# JRE version: OpenJDK Runtime Environment (8.0_152-b02) (build 1.8.0_152-release-1024-b02)
# Java VM: OpenJDK 64-Bit Server VM (25.152-b02 mixed mode windows-amd64 compressed oops)
# Failed to write core dump. Minidumps are not enabled by default on client versions of Windows
#

---------------  T H R E A D  ---------------

Current thread (0x000000001866a000):  JavaThread "C2 CompilerThread0" daemon [_thread_in_native, id=14388, stack(0x0000000018e70000,0x0000000018f70000)]

Stack: [0x0000000018e70000,0x0000000018f70000]
[error occurred during error reporting (printing stack bounds), id 0xc0000005]

Native frames: (J=compiled Java code, j=interpreted, Vv=VM code, C=native code)


Current CompileTask:
C2: 830909 23642   !   4       org.gradle.api.internal.artifacts.ivyservice.resolveengine.graph.builder.EdgeState::calculateTargetConfigurations (168 bytes)


---------------  P R O C E S S  ---------------

Java Threads: ( => current thread )
  0x000000001979c800 JavaThread "Task worker for ':' Thread 7" [_thread_blocked, id=7472, stack(0x000000004af80000,0x000000004b080000)]
  0x000000001979a000 JavaThread "Task worker for ':' Thread 6" [_thread_blocked, id=2240, stack(0x000000004ae80000,0x000000004af80000)]
  0x000000001979d000 JavaThread "Task worker for ':' Thread 5" [_thread_blocked, id=8116, stack(0x000000004ad80000,0x000000004ae80000)]
  0x0000000019791800 JavaThread "Task worker for ':' Thread 4" [_thread_blocked, id=15944, stack(0x000000004ac80000,0x000000004ad80000)]
  0x0000000019798800 JavaThread "Task worker for ':' Thread 3" [_thread_in_vm, id=13380, stack(0x000000004ab80000,0x000000004ac80000)]
  0x0000000019791000 JavaThread "Task worker for ':' Thread 2" [_thread_blocked, id=8104, stack(0x000000004aa80000,0x000000004ab80000)]
  0x0000000019796000 JavaThread "Task worker for ':'" [_thread_blocked, id=13620, stack(0x000000004a980000,0x000000004aa80000)]
  0x0000000019794000 JavaThread "Cache worker for Build Output Cleanup Cache (C:\Users\Piotr\android-samples-master\android-samples-master\tutorials\MZKAPI15\.gradle\buildOutputCleanup)" [_thread_blocked, id=6088, stack(0x000000004a880000,0x000000004a980000)]
  0x0000000019797800 JavaThread "Cache worker for task history cache (C:\Users\Piotr\android-samples-master\android-samples-master\tutorials\MZKAPI15\.gradle\4.4\taskHistory)" [_thread_blocked, id=10072, stack(0x000000004a780000,0x000000004a880000)]
  0x0000000019793000 JavaThread "Cache worker for file content cache (C:\Users\Piotr\android-samples-master\android-samples-master\tutorials\MZKAPI15\.gradle\4.4\fileContent)" [_thread_blocked, id=17560, stack(0x000000004a680000,0x000000004a780000)]
  0x0000000019792800 JavaThread "build operations Thread 8" [_thread_blocked, id=4512, stack(0x000000004a580000,0x000000004a680000)]
  0x000000001ab53000 JavaThread "build operations Thread 7" [_thread_blocked, id=10580, stack(0x000000004a480000,0x000000004a580000)]
  0x000000001ab51800 JavaThread "build operations Thread 6" [_thread_blocked, id=1700, stack(0x000000004a380000,0x000000004a480000)]
  0x000000001ab56000 JavaThread "build operations Thread 5" [_thread_blocked, id=88, stack(0x000000004a280000,0x000000004a380000)]
  0x000000001ab54800 JavaThread "build operations Thread 4" [_thread_blocked, id=10428, stack(0x000000004a180000,0x000000004a280000)]
  0x000000001ab55800 JavaThread "build operations Thread 3" [_thread_blocked, id=7188, stack(0x000000004a080000,0x000000004a180000)]
  0x000000001ab4a000 JavaThread "build operations Thread 2" [_thread_blocked, id=15336, stack(0x0000000049f80000,0x000000004a080000)]
  0x000000001ab51000 JavaThread "build operations" [_thread_blocked, id=3744, stack(0x0000000049e80000,0x0000000049f80000)]
  0x000000001ab49800 JavaThread "Cache worker for Artifact transforms cache (C:\Users\Piotr\.gradle\caches\transforms-1)" [_thread_blocked, id=13400, stack(0x0000000049d80000,0x0000000049e80000)]
  0x000000001ab4f800 JavaThread "Cache worker for file hash cache (C:\Users\Piotr\android-samples-master\android-samples-master\tutorials\MZKAPI15\.gradle\4.4\fileHashes)" [_thread_blocked, id=13936, stack(0x0000000049c80000,0x0000000049d80000)]
  0x000000001ab4e800 JavaThread "Stdin handler" [_thread_blocked, id=15956, stack(0x0000000049b80000,0x0000000049c80000)]
  0x000000001ab47000 JavaThread "Asynchronous log dispatcher for DefaultDaemonConnection: socket connection from /127.0.0.1:64650 to /127.0.0.1:65026" [_thread_blocked, id=976, stack(0x0000000049a80000,0x0000000049b80000)]
  0x000000001ab4b800 JavaThread "Daemon worker Thread 3" [_thread_blocked, id=10796, stack(0x0000000049980000,0x0000000049a80000)]
  0x000000001ab4e000 JavaThread "Cancel handler" [_thread_blocked, id=3788, stack(0x0000000049880000,0x0000000049980000)]
  0x000000001ab4d000 JavaThread "Handler for socket connection from /127.0.0.1:64650 to /127.0.0.1:65026" [_thread_in_native, id=15260, stack(0x0000000049780000,0x0000000049880000)]
  0x000000001ab48800 JavaThread "Daemon Thread 3" [_thread_blocked, id=1004, stack(0x0000000049680000,0x0000000049780000)]
  0x000000001ab50000 JavaThread "Java2D Disposer" daemon [_thread_blocked, id=7464, stack(0x000000002ba80000,0x000000002bb80000)]
  0x000000001cb80800 JavaThread "Memory manager" [_thread_blocked, id=2420, stack(0x00000000226b0000,0x00000000227b0000)]
  0x000000001a80e800 JavaThread "File lock request listener" [_thread_in_native, id=8180, stack(0x000000001c0d0000,0x000000001c1d0000)]
  0x000000001a7fb800 JavaThread "Cache worker for file hash cache (C:\Users\Piotr\.gradle\caches\4.4\fileHashes)" [_thread_blocked, id=13108, stack(0x000000001bfd0000,0x000000001c0d0000)]
  0x000000001a5e9000 JavaThread "Daemon periodic checks" [_thread_blocked, id=10916, stack(0x000000001b3d0000,0x000000001b4d0000)]
  0x000000001a696800 JavaThread "Incoming local TCP Connector on port 64650" [_thread_in_native, id=6320, stack(0x000000001b180000,0x000000001b280000)]
  0x0000000018707000 JavaThread "Service Thread" daemon [_thread_blocked, id=15100, stack(0x0000000019270000,0x0000000019370000)]
  0x0000000018677000 JavaThread "C1 CompilerThread3" daemon [_thread_blocked, id=13884, stack(0x0000000019170000,0x0000000019270000)]
  0x0000000018670000 JavaThread "C2 CompilerThread2" daemon [_thread_blocked, id=15184, stack(0x0000000019070000,0x0000000019170000)]
  0x000000001866d000 JavaThread "C2 CompilerThread1" daemon [_thread_blocked, id=14816, stack(0x0000000018f70000,0x0000000019070000)]
=>0x000000001866a000 JavaThread "C2 CompilerThread0" daemon [_thread_in_native, id=14388, stack(0x0000000018e70000,0x0000000018f70000)]
  0x0000000018668800 JavaThread "Attach Listener" daemon [_thread_blocked, id=9920, stack(0x0000000018d70000,0x0000000018e70000)]
  0x0000000018676800 JavaThread "Signal Dispatcher" daemon [_thread_blocked, id=17980, stack(0x0000000018c70000,0x0000000018d70000)]
  0x0000000018660800 JavaThread "Finalizer" daemon [_thread_blocked, id=8976, stack(0x0000000018a40000,0x0000000018b40000)]
  0x00000000029b9000 JavaThread "Reference Handler" daemon [_thread_blocked, id=16764, stack(0x0000000018540000,0x0000000018640000)]
  0x000000000277d800 JavaThread "main" [_thread_blocked, id=6580, stack(0x0000000002780000,0x0000000002880000)]

Other Threads:
  0x0000000016777000 VMThread [stack: 0x0000000018440000,0x0000000018540000] [id=6324]
  0x0000000018708000 WatcherThread [stack: 0x0000000019370000,0x0000000019470000] [id=11900]

VM state:not at safepoint (normal execution)

VM Mutex/Monitor currently owned by a thread: None

Heap:
 PSYoungGen      total 483840K, used 158453K [0x00000000e0000000, 0x0000000100000000, 0x0000000100000000)
  eden space 454656K, 28% used [0x00000000e0000000,0x00000000e7e43928,0x00000000fbc00000)
  from space 29184K, 99% used [0x00000000fe380000,0x00000000ffff9cb8,0x0000000100000000)
  to   space 34816K, 0% used [0x00000000fbc00000,0x00000000fbc00000,0x00000000fde00000)
 ParOldGen       total 193536K, used 84013K [0x00000000a0000000, 0x00000000abd00000, 0x00000000e0000000)
  object space 193536K, 43% used [0x00000000a0000000,0x00000000a520b558,0x00000000abd00000)
 Metaspace       used 125568K, capacity 129811K, committed 130264K, reserved 1163264K
  class space    used 15277K, capacity 16078K, committed 16128K, reserved 1048576K

Card table byte_map: [0x0000000011d80000,0x0000000012090000] byte_map_base: 0x0000000011880000

Marking Bits: (ParMarkBitMap*) 0x0000000069194970
 Begin Bits: [0x0000000012a90000, 0x0000000014290000)
 End Bits:   [0x0000000014290000, 0x0000000015a90000)

Polling page: 0x00000000007f0000

CodeCache: size=245760Kb used=60782Kb max_used=60800Kb free=184977Kb
 bounds [0x00000000029c0000, 0x0000000006580000, 0x00000000119c0000]
 total_blobs=19300 nmethods=18298 adapters=912
 compilation: enabled

Compilation events (10 events):
Event: 830.682 Thread 0x0000000018677000 23715       3       com.intellij.util.containers.JBIterator$Op::<init> (10 bytes)
Event: 830.682 Thread 0x0000000018677000 nmethod 23715 0x0000000006558ad0 code [0x0000000006558c20, 0x0000000006558df0]
Event: 830.682 Thread 0x0000000018677000 23710       3       gnu.trove.TIntObjectHashMap::computeHashCode (5 bytes)
Event: 830.682 Thread 0x0000000018677000 nmethod 23710 0x0000000006558710 code [0x0000000006558860, 0x0000000006558a10]
Event: 830.682 Thread 0x0000000018677000 23711       3       gnu.trove.HashFunctions::hash (2 bytes)
Event: 830.682 Thread 0x0000000018677000 nmethod 23711 0x0000000006551610 code [0x0000000006551760, 0x0000000006551890]
Event: 830.687 Thread 0x000000001866d000 23716       4       java.lang.Class::getMethod (64 bytes)
Event: 830.738 Thread 0x0000000018670000 23717   !   4       java.lang.ClassLoader::checkCerts (195 bytes)
Event: 830.753 Thread 0x000000001866d000 nmethod 23716 0x000000000656a9d0 code [0x000000000656ac80, 0x000000000656d550]
Event: 830.781 Thread 0x0000000018670000 nmethod 23717 0x000000000656fd10 code [0x000000000656ff40, 0x00000000065717d0]

GC Heap History (10 events):
Event: 485.832 GC heap before
{Heap before GC invocations=26 (full 4):
 PSYoungGen      total 492032K, used 464114K [0x00000000e0000000, 0x0000000100000000, 0x0000000100000000)
  eden space 461312K, 100% used [0x00000000e0000000,0x00000000fc280000,0x00000000fc280000)
  from space 30720K, 9% used [0x00000000fc280000,0x00000000fc53c9e0,0x00000000fe080000)
  to   space 30720K, 0% used [0x00000000fe200000,0x00000000fe200000,0x0000000100000000)
 ParOldGen       total 193536K, used 80837K [0x00000000a0000000, 0x00000000abd00000, 0x00000000e0000000)
  object space 193536K, 41% used [0x00000000a0000000,0x00000000a4ef1668,0x00000000abd00000)
 Metaspace       used 99339K, capacity 102445K, committed 102744K, reserved 1138688K
  class space    used 12219K, capacity 12845K, committed 12928K, reserved 1048576K
Event: 485.843 GC heap after
Heap after GC invocations=26 (full 4):
 PSYoungGen      total 492544K, used 3268K [0x00000000e0000000, 0x00000000fff00000, 0x0000000100000000)
  eden space 462848K, 0% used [0x00000000e0000000,0x00000000e0000000,0x00000000fc400000)
  from space 29696K, 11% used [0x00000000fe200000,0x00000000fe531190,0x00000000fff00000)
  to   space 30208K, 0% used [0x00000000fc400000,0x00000000fc400000,0x00000000fe180000)
 ParOldGen       total 193536K, used 80861K [0x00000000a0000000, 0x00000000abd00000, 0x00000000e0000000)
  object space 193536K, 41% used [0x00000000a0000000,0x00000000a4ef7668,0x00000000abd00000)
 Metaspace       used 99339K, capacity 102445K, committed 102744K, reserved 1138688K
  class space    used 12219K, capacity 12845K, committed 12928K, reserved 1048576K
}
Event: 491.827 GC heap before
{Heap before GC invocations=27 (full 4):
 PSYoungGen      total 492544K, used 466089K [0x00000000e0000000, 0x00000000fff00000, 0x0000000100000000)
  eden space 462848K, 99% used [0x00000000e0000000,0x00000000fc3f9458,0x00000000fc400000)
  from space 29696K, 11% used [0x00000000fe200000,0x00000000fe531190,0x00000000fff00000)
  to   space 30208K, 0% used [0x00000000fc400000,0x00000000fc400000,0x00000000fe180000)
 ParOldGen       total 193536K, used 80861K [0x00000000a0000000, 0x00000000abd00000, 0x00000000e0000000)
  object space 193536K, 41% used [0x00000000a0000000,0x00000000a4ef7668,0x00000000abd00000)
 Metaspace       used 100214K, capacity 103381K, committed 103640K, reserved 1140736K
  class space    used 12298K, capacity 12955K, committed 13056K, reserved 1048576K
Event: 491.839 GC heap after
Heap after GC invocations=27 (full 4):
 PSYoungGen      total 493056K, used 18017K [0x00000000e0000000, 0x0000000100000000, 0x0000000100000000)
  eden space 462848K, 0% used [0x00000000e0000000,0x00000000e0000000,0x00000000fc400000)
  from space 30208K, 59% used [0x00000000fc400000,0x00000000fd598570,0x00000000fe180000)
  to   space 30720K, 0% used [0x00000000fe200000,0x00000000fe200000,0x0000000100000000)
 ParOldGen       total 193536K, used 80909K [0x00000000a0000000, 0x00000000abd00000, 0x00000000e0000000)
  object space 193536K, 41% used [0x00000000a0000000,0x00000000a4f03668,0x00000000abd00000)
 Metaspace       used 100214K, capacity 103381K, committed 103640K, reserved 1140736K
  class space    used 12298K, capacity 12955K, committed 13056K, reserved 1048576K
}
Event: 498.781 GC heap before
{Heap before GC invocations=28 (full 4):
 PSYoungGen      total 493056K, used 480672K [0x00000000e0000000, 0x0000000100000000, 0x0000000100000000)
  eden space 462848K, 99% used [0x00000000e0000000,0x00000000fc3cfce8,0x00000000fc400000)
  from space 30208K, 59% used [0x00000000fc400000,0x00000000fd598570,0x00000000fe180000)
  to   space 30720K, 0% used [0x00000000fe200000,0x00000000fe200000,0x0000000100000000)
 ParOldGen       total 193536K, used 80909K [0x00000000a0000000, 0x00000000abd00000, 0x00000000e0000000)
  object space 193536K, 41% used [0x00000000a0000000,0x00000000a4f03668,0x00000000abd00000)
 Metaspace       used 101269K, capacity 104827K, committed 105048K, reserved 1140736K
  class space    used 12463K, capacity 13172K, committed 13184K, reserved 1048576K
Event: 498.792 GC heap after
Heap after GC invocations=28 (full 4):
 PSYoungGen      total 491520K, used 11441K [0x00000000e0000000, 0x00000000ffd80000, 0x0000000100000000)
  eden space 463360K, 0% used [0x00000000e0000000,0x00000000e0000000,0x00000000fc480000)
  from space 28160K, 40% used [0x00000000fe200000,0x00000000fed2c568,0x00000000ffd80000)
  to   space 29184K, 0% used [0x00000000fc480000,0x00000000fc480000,0x00000000fe100000)
 ParOldGen       total 193536K, used 81981K [0x00000000a0000000, 0x00000000abd00000, 0x00000000e0000000)
  object space 193536K, 42% used [0x00000000a0000000,0x00000000a500f6e8,0x00000000abd00000)
 Metaspace       used 101269K, capacity 104827K, committed 105048K, reserved 1140736K
  class space    used 12463K, capacity 13172K, committed 13184K, reserved 1048576K
}
Event: 498.872 GC heap before
{Heap before GC invocations=29 (full 4):
 PSYoungGen      total 491520K, used 474262K [0x00000000e0000000, 0x00000000ffd80000, 0x0000000100000000)
  eden space 463360K, 99% used [0x00000000e0000000,0x00000000fc3f9630,0x00000000fc480000)
  from space 28160K, 40% used [0x00000000fe200000,0x00000000fed2c568,0x00000000ffd80000)
  to   space 29184K, 0% used [0x00000000fc480000,0x00000000fc480000,0x00000000fe100000)
 ParOldGen       total 193536K, used 81981K [0x00000000a0000000, 0x00000000abd00000, 0x00000000e0000000)
  object space 193536K, 42% used [0x00000000a0000000,0x00000000a500f6e8,0x00000000abd00000)
 Metaspace       used 101275K, capacity 104827K, committed 105048K, reserved 1140736K
  class space    used 12463K, capacity 13172K, committed 13184K, reserved 1048576K
Event: 498.875 GC heap after
Heap after GC invocations=29 (full 4):
 PSYoungGen      total 492544K, used 2041K [0x00000000e0000000, 0x0000000100000000, 0x0000000100000000)
  eden space 463360K, 0% used [0x00000000e0000000,0x00000000e0000000,0x00000000fc480000)
  from space 29184K, 6% used [0x00000000fc480000,0x00000000fc67e5a8,0x00000000fe100000)
  to   space 29184K, 0% used [0x00000000fe380000,0x00000000fe380000,0x0000000100000000)
 ParOldGen       total 193536K, used 81981K [0x00000000a0000000, 0x00000000abd00000, 0x00000000e0000000)
  object space 193536K, 42% used [0x00000000a0000000,0x00000000a500f6e8,0x00000000abd00000)
 Metaspace       used 101275K, capacity 104827K, committed 105048K, reserved 1140736K
  class space    used 12463K, capacity 13172K, committed 13184K, reserved 1048576K
}
Event: 829.342 GC heap before
{Heap before GC invocations=30 (full 4):
 PSYoungGen      total 492544K, used 465401K [0x00000000e0000000, 0x0000000100000000, 0x0000000100000000)
  eden space 463360K, 100% used [0x00000000e0000000,0x00000000fc480000,0x00000000fc480000)
  from space 29184K, 6% used [0x00000000fc480000,0x00000000fc67e5a8,0x00000000fe100000)
  to   space 29184K, 0% used [0x00000000fe380000,0x00000000fe380000,0x0000000100000000)
 ParOldGen       total 193536K, used 81981K [0x00000000a0000000, 0x00000000abd00000, 0x00000000e0000000)
  object space 193536K, 42% used [0x00000000a0000000,0x00000000a500f6e8,0x00000000abd00000)
 Metaspace       used 117752K, capacity 121967K, committed 122200K, reserved 1157120K
  class space    used 14337K, capacity 15128K, committed 15232K, reserved 1048576K
Event: 829.373 GC heap after
Heap after GC invocations=30 (full 4):
 PSYoungGen      total 483840K, used 29159K [0x00000000e0000000, 0x0000000100000000, 0x0000000100000000)
  eden space 454656K, 0% used [0x00000000e0000000,0x00000000e0000000,0x00000000fbc00000)
  from space 29184K, 99% used [0x00000000fe380000,0x00000000ffff9cb8,0x0000000100000000)
  to   space 34816K, 0% used [0x00000000fbc00000,0x00000000fbc00000,0x00000000fde00000)
 ParOldGen       total 193536K, used 84013K [0x00000000a0000000, 0x00000000abd00000, 0x00000000e0000000)
  object space 193536K, 43% used [0x00000000a0000000,0x00000000a520b558,0x00000000abd00000)
 Metaspace       used 117752K, capacity 121967K, committed 122200K, reserved 1157120K
  class space    used 14337K, capacity 15128K, committed 15232K, reserved 1048576K
}

Deoptimization events (10 events):
Event: 505.997 Thread 0x0000000019791800 Uncommon trap: reason=bimorphic action=maybe_recompile pc=0x0000000005d82d80 method=java.util.LinkedHashMap.afterNodeInsertion(Z)V @ 15
Event: 505.997 Thread 0x0000000019791800 Uncommon trap: reason=class_check action=maybe_recompile pc=0x00000000062ad788 method=gnu.trove.TObjectHash.equals(Ljava/lang/Object;Ljava/lang/Object;)Z @ 6
Event: 505.997 Thread 0x0000000019791800 Uncommon trap: reason=class_check action=maybe_recompile pc=0x00000000062ad788 method=gnu.trove.TObjectHash.equals(Ljava/lang/Object;Ljava/lang/Object;)Z @ 6
Event: 505.997 Thread 0x0000000019791800 Uncommon trap: reason=class_check action=maybe_recompile pc=0x00000000062b4564 method=gnu.trove.TObjectHash.equals(Ljava/lang/Object;Ljava/lang/Object;)Z @ 6
Event: 505.997 Thread 0x0000000019791800 Uncommon trap: reason=bimorphic action=maybe_recompile pc=0x0000000005d82d80 method=java.util.LinkedHashMap.afterNodeInsertion(Z)V @ 15
Event: 505.997 Thread 0x0000000019791800 Uncommon trap: reason=bimorphic action=maybe_recompile pc=0x0000000005d82d80 method=java.util.LinkedHashMap.afterNodeInsertion(Z)V @ 15
Event: 829.147 Thread 0x000000001ab4b800 Uncommon trap: reason=class_check action=maybe_recompile pc=0x0000000003ecefe4 method=com.google.common.collect.AbstractMapBasedMultimap$WrappedCollection.refreshIfEmpty()V @ 40
Event: 829.465 Thread 0x000000001ab56000 Uncommon trap: reason=class_check action=maybe_recompile pc=0x00000000045acd78 method=com.google.common.cache.LocalCache$Segment.storeLoadedValue(Ljava/lang/Object;ILcom/google/common/cache/LocalCache$LoadingValueReference;Ljava/lang/Object;)Z @ 286
Event: 829.606 Thread 0x0000000019798800 Uncommon trap: reason=class_check action=maybe_recompile pc=0x0000000005009c88 method=com.google.common.collect.Sets$1.contains(Ljava/lang/Object;)Z @ 18
Event: 829.624 Thread 0x000000001ab55800 Uncommon trap: reason=class_check action=maybe_recompile pc=0x00000000045acd78 method=com.google.common.cache.LocalCache$Segment.storeLoadedValue(Ljava/lang/Object;ILcom/google/common/cache/LocalCache$LoadingValueReference;Ljava/lang/Object;)Z @ 286

Classes redefined (0 events):
No events

Internal exceptions (10 events):
Event: 829.144 Thread 0x000000001ab4b800 Exception <a 'sun/nio/fs/WindowsException'> (0x00000000fa8dd118) thrown at [D:\src\AOSP-openjdk-cygwin\jdk8u\hotspot\src\share\vm\prims\jni.cpp, line 709]
Event: 829.144 Thread 0x000000001ab4b800 Exception <a 'sun/nio/fs/WindowsException'> (0x00000000fa8ddcc0) thrown at [D:\src\AOSP-openjdk-cygwin\jdk8u\hotspot\src\share\vm\prims\jni.cpp, line 709]
Event: 829.144 Thread 0x000000001ab4b800 Exception <a 'sun/nio/fs/WindowsException'> (0x00000000fa8e0bb8) thrown at [D:\src\AOSP-openjdk-cygwin\jdk8u\hotspot\src\share\vm\prims\jni.cpp, line 709]
Event: 829.144 Thread 0x000000001ab4b800 Exception <a 'sun/nio/fs/WindowsException'> (0x00000000fa8e1770) thrown at [D:\src\AOSP-openjdk-cygwin\jdk8u\hotspot\src\share\vm\prims\jni.cpp, line 709]
Event: 829.144 Thread 0x000000001ab4b800 Exception <a 'sun/nio/fs/WindowsException'> (0x00000000fa8e3968) thrown at [D:\src\AOSP-openjdk-cygwin\jdk8u\hotspot\src\share\vm\prims\jni.cpp, line 709]
Event: 829.144 Thread 0x000000001ab4b800 Exception <a 'sun/nio/fs/WindowsException'> (0x00000000fa8e4540) thrown at [D:\src\AOSP-openjdk-cygwin\jdk8u\hotspot\src\share\vm\prims\jni.cpp, line 709]
Event: 829.144 Thread 0x000000001ab4b800 Exception <a 'sun/nio/fs/WindowsException'> (0x00000000fa8e7be8) thrown at [D:\src\AOSP-openjdk-cygwin\jdk8u\hotspot\src\share\vm\prims\jni.cpp, line 709]
Event: 829.144 Thread 0x000000001ab4b800 Exception <a 'sun/nio/fs/WindowsException'> (0x00000000fa8e87d0) thrown at [D:\src\AOSP-openjdk-cygwin\jdk8u\hotspot\src\share\vm\prims\jni.cpp, line 709]
Event: 829.144 Thread 0x000000001ab4b800 Exception <a 'sun/nio/fs/WindowsException'> (0x00000000fa8eaa40) thrown at [D:\src\AOSP-openjdk-cygwin\jdk8u\hotspot\src\share\vm\prims\jni.cpp, line 709]
Event: 829.144 Thread 0x000000001ab4b800 Exception <a 'sun/nio/fs/WindowsException'> (0x00000000fa8eb638) thrown at [D:\src\AOSP-openjdk-cygwin\jdk8u\hotspot\src\share\vm\prims\jni.cpp, line 709]

Events (10 events):
Event: 830.824 loading class org/jetbrains/kotlin/psi/KtAnnotationsContainer
Event: 830.824 loading class org/jetbrains/kotlin/psi/KtAnnotationsContainer done
Event: 830.825 loading class org/jetbrains/kotlin/psi/stubs/KotlinImportDirectiveStub
Event: 830.825 loading class org/jetbrains/kotlin/psi/stubs/KotlinImportDirectiveStub done
Event: 830.825 loading class org/jetbrains/kotlin/psi/KtImportDirective
Event: 830.825 loading class org/jetbrains/kotlin/psi/KtImportDirective done
Event: 830.825 loading class org/jetbrains/kotlin/psi/stubs/elements/KtImportAliasElementType
Event: 830.825 loading class org/jetbrains/kotlin/psi/stubs/elements/KtImportAliasElementType done
Event: 830.825 loading class org/jetbrains/kotlin/psi/KtImportAlias
Event: 830.825 loading class org/jetbrains/kotlin/psi/KtImportAlias done


Dynamic libraries:
0x00007ff6615f0000 - 0x00007ff661621000 	C:\Program Files\Android\Android Studio\jre\bin\java.exe
0x00007ff97f540000 - 0x00007ff97f721000 	C:\Windows\SYSTEM32\ntdll.dll
0x00007ff97cce0000 - 0x00007ff97cd92000 	C:\Windows\System32\KERNEL32.DLL
0x00007ff97bb20000 - 0x00007ff97bd93000 	C:\Windows\System32\KERNELBASE.dll
0x00007ff97f430000 - 0x00007ff97f4d1000 	C:\Windows\System32\ADVAPI32.dll
0x00007ff97f350000 - 0x00007ff97f3ee000 	C:\Windows\System32\msvcrt.dll
0x00007ff97f080000 - 0x00007ff97f0db000 	C:\Windows\System32\sechost.dll
0x00007ff97eaa0000 - 0x00007ff97ebc4000 	C:\Windows\System32\RPCRT4.dll
0x00007ff97ca80000 - 0x00007ff97cc10000 	C:\Windows\System32\USER32.dll
0x00007ff97bb00000 - 0x00007ff97bb20000 	C:\Windows\System32\win32u.dll
0x00007ff97f4e0000 - 0x00007ff97f508000 	C:\Windows\System32\GDI32.dll
0x00007ff97c7e0000 - 0x00007ff97c972000 	C:\Windows\System32\gdi32full.dll
0x00007ff97c690000 - 0x00007ff97c72f000 	C:\Windows\System32\msvcp_win.dll
0x00007ff97bda0000 - 0x00007ff97be9a000 	C:\Windows\System32\ucrtbase.dll
0x00007ff96f770000 - 0x00007ff96f9d9000 	C:\Windows\WinSxS\amd64_microsoft.windows.common-controls_6595b64144ccf1df_6.0.17134.228_none_fb4599993062b194\COMCTL32.dll
0x00007ff97ed50000 - 0x00007ff97f073000 	C:\Windows\System32\combase.dll
0x00007ff97bea0000 - 0x00007ff97bf1a000 	C:\Windows\System32\bcryptPrimitives.dll
0x00007ff97f400000 - 0x00007ff97f42d000 	C:\Windows\System32\IMM32.DLL
0x0000000068810000 - 0x00000000688e2000 	C:\Program Files\Android\Android Studio\jre\jre\bin\msvcr100.dll
0x00000000689d0000 - 0x000000006920f000 	C:\Program Files\Android\Android Studio\jre\jre\bin\server\jvm.dll
0x00007ff97f3f0000 - 0x00007ff97f3f8000 	C:\Windows\System32\PSAPI.DLL
0x00007ff97a450000 - 0x00007ff97a459000 	C:\Windows\SYSTEM32\WSOCK32.dll
0x00007ff976bb0000 - 0x00007ff976bba000 	C:\Windows\SYSTEM32\VERSION.dll
0x00007ff96c950000 - 0x00007ff96c973000 	C:\Windows\SYSTEM32\WINMM.dll
0x00007ff97cc70000 - 0x00007ff97ccdc000 	C:\Windows\System32\WS2_32.dll
0x00007ff96c920000 - 0x00007ff96c94a000 	C:\Windows\SYSTEM32\WINMMBASE.dll
0x00007ff97c980000 - 0x00007ff97c9c9000 	C:\Windows\System32\cfgmgr32.dll
0x00007ff96ea80000 - 0x00007ff96ea8f000 	C:\Program Files\Android\Android Studio\jre\jre\bin\verify.dll
0x00007ff95e6a0000 - 0x00007ff95e6c9000 	C:\Program Files\Android\Android Studio\jre\jre\bin\java.dll
0x00007ff95e540000 - 0x00007ff95e556000 	C:\Program Files\Android\Android Studio\jre\jre\bin\zip.dll
0x00007ff97d440000 - 0x00007ff97e880000 	C:\Windows\System32\SHELL32.dll
0x00007ff97e920000 - 0x00007ff97e9c9000 	C:\Windows\System32\shcore.dll
0x00007ff97bf20000 - 0x00007ff97c62d000 	C:\Windows\System32\windows.storage.dll
0x00007ff97cc10000 - 0x00007ff97cc61000 	C:\Windows\System32\shlwapi.dll
0x00007ff97b8d0000 - 0x00007ff97b8e1000 	C:\Windows\System32\kernel.appcore.dll
0x00007ff97b8b0000 - 0x00007ff97b8cf000 	C:\Windows\System32\profapi.dll
0x00007ff97b860000 - 0x00007ff97b8ac000 	C:\Windows\System32\powrprof.dll
0x00007ff97b850000 - 0x00007ff97b85a000 	C:\Windows\System32\FLTLIB.DLL
0x00007ff95d070000 - 0x00007ff95d08a000 	C:\Program Files\Android\Android Studio\jre\jre\bin\net.dll
0x00007ff97b0d0000 - 0x00007ff97b136000 	C:\Windows\system32\mswsock.dll
0x00007ff95c910000 - 0x00007ff95c921000 	C:\Program Files\Android\Android Studio\jre\jre\bin\nio.dll
0x00007ff9656d0000 - 0x00007ff9656ee000 	C:\Users\Piotr\.gradle\native\25\windows-amd64\native-platform.dll
0x00007ff95ed30000 - 0x00007ff95ed3d000 	C:\Program Files\Android\Android Studio\jre\jre\bin\management.dll
0x00007ff97b280000 - 0x00007ff97b297000 	C:\Windows\SYSTEM32\CRYPTSP.dll
0x00007ff97acb0000 - 0x00007ff97ace3000 	C:\Windows\system32\rsaenh.dll
0x00007ff97b3b0000 - 0x00007ff97b3d5000 	C:\Windows\SYSTEM32\bcrypt.dll
0x00007ff97b750000 - 0x00007ff97b778000 	C:\Windows\SYSTEM32\USERENV.dll
0x00007ff97b2a0000 - 0x00007ff97b2ab000 	C:\Windows\SYSTEM32\CRYPTBASE.dll
0x00007ff97ae50000 - 0x00007ff97ae88000 	C:\Windows\SYSTEM32\IPHLPAPI.DLL
0x00007ff97ca70000 - 0x00007ff97ca78000 	C:\Windows\System32\NSI.dll
0x00007ff974e30000 - 0x00007ff974e46000 	C:\Windows\SYSTEM32\dhcpcsvc6.DLL
0x00007ff974a90000 - 0x00007ff974aaa000 	C:\Windows\SYSTEM32\dhcpcsvc.DLL
0x00007ff94f6c0000 - 0x00007ff94f6e4000 	C:\Program Files\Android\Android Studio\jre\jre\bin\sunec.dll
0x00007ff97ae90000 - 0x00007ff97af4e000 	C:\Windows\SYSTEM32\DNSAPI.dll
0x00007ff974d20000 - 0x00007ff974d2a000 	C:\Windows\System32\rasadhlp.dll
0x00007ff974890000 - 0x00007ff974902000 	C:\Windows\System32\fwpuclnt.dll
0x00007ff95ea50000 - 0x00007ff95ea5b000 	C:\Program Files\Android\Android Studio\jre\jre\bin\sunmscapi.dll
0x00007ff97b910000 - 0x00007ff97baf2000 	C:\Windows\System32\CRYPT32.dll
0x00007ff97b8f0000 - 0x00007ff97b902000 	C:\Windows\System32\MSASN1.dll
0x00007ff94fae0000 - 0x00007ff94fc76000 	C:\Program Files\Android\Android Studio\jre\jre\bin\awt.dll
0x00007ff97e9d0000 - 0x00007ff97ea92000 	C:\Windows\System32\OLEAUT32.dll
0x00007ff9786c0000 - 0x00007ff978c87000 	C:\Windows\SYSTEM32\d2d1.dll
0x00007ff979720000 - 0x00007ff9797ab000 	C:\Windows\SYSTEM32\apphelp.dll
0x00007ff979c20000 - 0x00007ff979c49000 	C:\Windows\system32\DWMAPI.DLL
0x00007ff979990000 - 0x00007ff979a28000 	C:\Windows\system32\uxtheme.dll
0x00007ff9656b0000 - 0x00007ff9656c6000 	C:\Windows\system32\napinsp.dll
0x00007ff961990000 - 0x00007ff9619aa000 	C:\Windows\system32\pnrpnsp.dll
0x00007ff978f10000 - 0x00007ff978f29000 	C:\Windows\system32\NLAapi.dll
0x00007ff965630000 - 0x00007ff96563e000 	C:\Windows\System32\winrnr.dll

VM Arguments:
jvm_args: -Xmx1536m -Dfile.encoding=windows-1252 -Duser.country=PL -Duser.language=pl -Duser.variant 
java_command: org.gradle.launcher.daemon.bootstrap.GradleDaemon 4.4
java_class_path (initial): C:\Users\Piotr\.gradle\wrapper\dists\gradle-4.4-all\9br9xq1tocpiv8o6njlyu5op1\gradle-4.4\lib\gradle-launcher-4.4.jar
Launcher Type: SUN_STANDARD

Environment Variables:
PATH=C:\Program Files (x86)\Common Files\Oracle\Java\javapath;C:\Windows\system32;C:\Windows;C:\Windows\System32\Wbem;C:\Windows\System32\WindowsPowerShell\v1.0\;C:\Windows\System32\OpenSSH\;C:\Program Files (x86)\NVIDIA Corporation\PhysX\Common;C:\Users\Piotr\AppData\Local\Microsoft\WindowsApps
USERNAME=Piotr
OS=Windows_NT
PROCESSOR_IDENTIFIER=Intel64 Family 6 Model 94 Stepping 3, GenuineIntel



---------------  S Y S T E M  ---------------

OS: Windows 10.0 , 64 bit Build 17134 (10.0.17134.1)

CPU:total 8 (initial active 8) (4 cores per cpu, 2 threads per core) family 6 model 94 stepping 3, cmov, cx8, fxsr, mmx, sse, sse2, sse3, ssse3, sse4.1, sse4.2, popcnt, avx, avx2, aes, clmul, erms, rtm, 3dnowpref, lzcnt, ht, tsc, tscinvbit, bmi1, bmi2, adx

Memory: 4k page, physical 8285128k(1227160k free), swap 8285128k(5164k free)

vm_info: OpenJDK 64-Bit Server VM (25.152-b02) for windows-amd64 JRE (1.8.0_152-release-1024-b02), built by "builder" with MS VC++ 10.0 (VS2010)

time: Tue Sep 11 19:41:00 2018
elapsed time: 830 seconds (0d 0h 13m 50s)

